This file contains any messages produced by compilers while
running configure, to aid debugging if configure makes a mistake.

It was created by configure, which was
generated by GNU Autoconf 2.65.  Invocation command line was

  $ ./configure 

## --------- ##
## Platform. ##
## --------- ##

hostname = caizixin.local
uname -m = x86_64
uname -r = 14.1.1
uname -s = Darwin
uname -v = Darwin Kernel Version 14.1.1: Fri Feb  6 21:06:10 PST 2015; root:xnu-2782.15.4~1/RELEASE_X86_64

/usr/bin/uname -p = i386
/bin/uname -X     = unknown

/bin/arch              = unknown
/usr/bin/arch -k       = unknown
/usr/convex/getsysinfo = unknown
/usr/bin/hostinfo      = Mach kernel version:
	 Darwin Kernel Version 14.1.1: Fri Feb  6 21:06:10 PST 2015; root:xnu-2782.15.4~1/RELEASE_X86_64
Kernel configured for up to 4 processors.
2 processors are physically available.
4 processors are logically available.
Processor type: x86_64h (Intel x86-64h Haswell)
Processors active: 0 1 2 3
Primary memory available: 8.00 gigabytes
Default processor set: 279 tasks, 1375 threads, 4 processors
Load average: 2.50, Mach factor: 1.49
/bin/machine           = unknown
/usr/bin/oslevel       = unknown
/bin/universe          = unknown

PATH: /Users/caizixin/php/bin
PATH: /usr/local/go/bin
PATH: /Library/Java/JavaVirtualMachines/1.6.0.jdk/Contents/Home/bin
PATH: /usr/local/bin
PATH: /usr/bin
PATH: /bin
PATH: /usr/sbin
PATH: /sbin
PATH: /usr/local/go/bin


## ----------- ##
## Core tests. ##
## ----------- ##

configure:2354: checking for grep that handles long lines and -e
configure:2412: result: /usr/bin/grep
configure:2417: checking for egrep
configure:2479: result: /usr/bin/grep -E
configure:2484: checking for a sed that does not truncate output
configure:2538: result: /usr/bin/sed
configure:2670: checking for cc
configure:2686: found /usr/bin/cc
configure:2697: result: cc
configure:2728: checking for C compiler version
configure:2737: cc --version >&5
Apple LLVM version 6.0 (clang-600.0.57) (based on LLVM 3.5svn)
Target: x86_64-apple-darwin14.1.1
Thread model: posix
configure:2748: $? = 0
configure:2737: cc -v >&5
Apple LLVM version 6.0 (clang-600.0.57) (based on LLVM 3.5svn)
Target: x86_64-apple-darwin14.1.1
Thread model: posix
configure:2748: $? = 0
configure:2737: cc -V >&5
clang: error: argument to '-V' is missing (expected 1 value)
clang: error: no input files
configure:2748: $? = 1
configure:2737: cc -qversion >&5
clang: error: unknown argument: '-qversion'
clang: error: no input files
configure:2748: $? = 1
configure:2768: checking whether the C compiler works
configure:2790: cc    conftest.c  >&5
configure:2794: $? = 0
configure:2843: result: yes
configure:2846: checking for C compiler default output file name
configure:2848: result: a.out
configure:2854: checking for suffix of executables
configure:2861: cc -o conftest    conftest.c  >&5
configure:2865: $? = 0
configure:2887: result: 
configure:2909: checking whether we are cross compiling
configure:2917: cc -o conftest    conftest.c  >&5
configure:2921: $? = 0
configure:2928: ./conftest
configure:2932: $? = 0
configure:2947: result: no
configure:2952: checking for suffix of object files
configure:2974: cc -c   conftest.c >&5
configure:2978: $? = 0
configure:2999: result: o
configure:3003: checking whether we are using the GNU C compiler
configure:3022: cc -c   conftest.c >&5
configure:3022: $? = 0
configure:3031: result: yes
configure:3040: checking whether cc accepts -g
configure:3060: cc -c -g  conftest.c >&5
configure:3060: $? = 0
configure:3101: result: yes
configure:3118: checking for cc option to accept ISO C89
configure:3182: cc  -c -g -O2  conftest.c >&5
configure:3182: $? = 0
configure:3195: result: none needed
configure:3221: checking how to run the C preprocessor
configure:3252: cc -E  conftest.c
configure:3252: $? = 0
configure:3266: cc -E  conftest.c
conftest.c:9:10: fatal error: 'ac_nonexistent.h' file not found
#include <ac_nonexistent.h>
         ^
1 error generated.
configure:3266: $? = 1
configure: failed program was:
| /* confdefs.h */
| #define PACKAGE_NAME ""
| #define PACKAGE_TARNAME ""
| #define PACKAGE_VERSION ""
| #define PACKAGE_STRING ""
| #define PACKAGE_BUGREPORT ""
| #define PACKAGE_URL ""
| /* end confdefs.h.  */
| #include <ac_nonexistent.h>
configure:3291: result: cc -E
configure:3311: cc -E  conftest.c
configure:3311: $? = 0
configure:3325: cc -E  conftest.c
conftest.c:9:10: fatal error: 'ac_nonexistent.h' file not found
#include <ac_nonexistent.h>
         ^
1 error generated.
configure:3325: $? = 1
configure: failed program was:
| /* confdefs.h */
| #define PACKAGE_NAME ""
| #define PACKAGE_TARNAME ""
| #define PACKAGE_VERSION ""
| #define PACKAGE_STRING ""
| #define PACKAGE_BUGREPORT ""
| #define PACKAGE_URL ""
| /* end confdefs.h.  */
| #include <ac_nonexistent.h>
configure:3356: checking for icc
configure:3365: result: no
configure:3379: checking for suncc
configure:3388: result: no
configure:3406: checking whether cc understands -c and -o together
configure:3434: cc -c conftest.c -o conftest2.o >&5
configure:3438: $? = 0
configure:3444: cc -c conftest.c -o conftest2.o >&5
configure:3448: $? = 0
configure:3503: result: yes
configure:3517: checking for system library directory
configure:3532: result: lib
configure:3539: checking if compiler supports -R
configure:3558: cc -o conftest -g -O2   conftest.c -R /usr/lib  >&5
clang: warning: argument unused during compilation: '-R'
ld: can't map file, errno=22 file '/usr/lib' for architecture x86_64
clang: error: linker command failed with exit code 1 (use -v to see invocation)
configure:3558: $? = 1
configure: failed program was:
| /* confdefs.h */
| #define PACKAGE_NAME ""
| #define PACKAGE_TARNAME ""
| #define PACKAGE_VERSION ""
| #define PACKAGE_STRING ""
| #define PACKAGE_BUGREPORT ""
| #define PACKAGE_URL ""
| /* end confdefs.h.  */
| 
| int
| main ()
| {
| 
|   ;
|   return 0;
| }
configure:3568: result: no
configure:3573: checking if compiler supports -Wl,-rpath,
configure:3592: cc -o conftest -g -O2   conftest.c -Wl,-rpath,/usr/lib  >&5
configure:3592: $? = 0
configure:3602: result: yes
configure:3641: checking build system type
configure:3655: result: x86_64-apple-darwin14.1.1
configure:3675: checking host system type
configure:3688: result: x86_64-apple-darwin14.1.1
configure:3708: checking target system type
configure:3721: result: x86_64-apple-darwin14.1.1
configure:3824: checking for PHP prefix
configure:3826: result: /Users/caizixin/php
configure:3828: checking for PHP includes
configure:3830: result: -I/Users/caizixin/php/include/php -I/Users/caizixin/php/include/php/main -I/Users/caizixin/php/include/php/TSRM -I/Users/caizixin/php/include/php/Zend -I/Users/caizixin/php/include/php/ext -I/Users/caizixin/php/include/php/ext/date/lib
configure:3832: checking for PHP extension directory
configure:3834: result: /Users/caizixin/php/lib/php/extensions/no-debug-non-zts-20121212
configure:3836: checking for PHP installed headers prefix
configure:3838: result: /Users/caizixin/php/include/php
configure:3841: checking if debug is enabled
configure:3867: result: no
configure:3870: checking if zts is enabled
configure:3896: result: no
configure:3967: checking for re2c
configure:3997: result: no
configure:4022: WARNING: You will need re2c 0.13.4 or later if you want to regenerate PHP parsers.
configure:4036: checking for gawk
configure:4067: result: no
configure:4036: checking for nawk
configure:4067: result: no
configure:4036: checking for awk
configure:4053: found /usr/bin/awk
configure:4064: result: awk
configure:4087: checking if awk is broken
configure:4094: result: no
configure:4112: checking whether to enable t2sdk support
configure:4151: result: yes, shared
configure:4224: checking for g++
configure:4240: found /usr/bin/g++
configure:4251: result: g++
configure:4278: checking for C++ compiler version
configure:4287: g++ --version >&5
Apple LLVM version 6.0 (clang-600.0.57) (based on LLVM 3.5svn)
Target: x86_64-apple-darwin14.1.1
Thread model: posix
Configured with: --prefix=/Library/Developer/CommandLineTools/usr --with-gxx-include-dir=/usr/include/c++/4.2.1
configure:4298: $? = 0
configure:4287: g++ -v >&5
Configured with: --prefix=/Library/Developer/CommandLineTools/usr --with-gxx-include-dir=/usr/include/c++/4.2.1
Apple LLVM version 6.0 (clang-600.0.57) (based on LLVM 3.5svn)
Target: x86_64-apple-darwin14.1.1
Thread model: posix
configure:4298: $? = 0
configure:4287: g++ -V >&5
clang: error: argument to '-V' is missing (expected 1 value)
clang: error: no input files
configure:4298: $? = 1
configure:4287: g++ -qversion >&5
clang: error: unknown argument: '-qversion'
clang: error: no input files
configure:4298: $? = 1
configure:4302: checking whether we are using the GNU C++ compiler
configure:4321: g++ -c   conftest.cpp >&5
configure:4321: $? = 0
configure:4330: result: yes
configure:4339: checking whether g++ accepts -g
configure:4359: g++ -c -g  conftest.cpp >&5
configure:4359: $? = 0
configure:4400: result: yes
configure:4428: checking how to run the C++ preprocessor
configure:4455: g++ -E  conftest.cpp
configure:4455: $? = 0
configure:4469: g++ -E  conftest.cpp
conftest.cpp:9:10: fatal error: 'ac_nonexistent.h' file not found
#include <ac_nonexistent.h>
         ^
1 error generated.
configure:4469: $? = 1
configure: failed program was:
| /* confdefs.h */
| #define PACKAGE_NAME ""
| #define PACKAGE_TARNAME ""
| #define PACKAGE_VERSION ""
| #define PACKAGE_STRING ""
| #define PACKAGE_BUGREPORT ""
| #define PACKAGE_URL ""
| /* end confdefs.h.  */
| #include <ac_nonexistent.h>
configure:4494: result: g++ -E
configure:4514: g++ -E  conftest.cpp
configure:4514: $? = 0
configure:4528: g++ -E  conftest.cpp
conftest.cpp:9:10: fatal error: 'ac_nonexistent.h' file not found
#include <ac_nonexistent.h>
         ^
1 error generated.
configure:4528: $? = 1
configure: failed program was:
| /* confdefs.h */
| #define PACKAGE_NAME ""
| #define PACKAGE_TARNAME ""
| #define PACKAGE_VERSION ""
| #define PACKAGE_STRING ""
| #define PACKAGE_BUGREPORT ""
| #define PACKAGE_URL ""
| /* end confdefs.h.  */
| #include <ac_nonexistent.h>
configure:4991: checking for ld used by cc
configure:5058: result: /Library/Developer/CommandLineTools/usr/bin/ld
configure:5065: checking if the linker (/Library/Developer/CommandLineTools/usr/bin/ld) is GNU ld
configure:5080: result: no
configure:5085: checking for /Library/Developer/CommandLineTools/usr/bin/ld option to reload object files
configure:5092: result: -r
configure:5110: checking for BSD-compatible nm
configure:5159: result: /usr/bin/nm
configure:5163: checking whether ln -s works
configure:5167: result: yes
configure:5174: checking how to recognize dependent libraries
configure:5360: result: pass_all
configure:5578: checking for ANSI C header files
configure:5598: cc -c -g -O2  conftest.c >&5
configure:5598: $? = 0
configure:5671: cc -o conftest -g -O2   conftest.c -lstdc++  >&5
configure:5671: $? = 0
configure:5671: ./conftest
configure:5671: $? = 0
configure:5682: result: yes
configure:5695: checking for sys/types.h
configure:5695: cc -c -g -O2  conftest.c >&5
configure:5695: $? = 0
configure:5695: result: yes
configure:5695: checking for sys/stat.h
configure:5695: cc -c -g -O2  conftest.c >&5
configure:5695: $? = 0
configure:5695: result: yes
configure:5695: checking for stdlib.h
configure:5695: cc -c -g -O2  conftest.c >&5
configure:5695: $? = 0
configure:5695: result: yes
configure:5695: checking for string.h
configure:5695: cc -c -g -O2  conftest.c >&5
configure:5695: $? = 0
configure:5695: result: yes
configure:5695: checking for memory.h
configure:5695: cc -c -g -O2  conftest.c >&5
configure:5695: $? = 0
configure:5695: result: yes
configure:5695: checking for strings.h
configure:5695: cc -c -g -O2  conftest.c >&5
configure:5695: $? = 0
configure:5695: result: yes
configure:5695: checking for inttypes.h
configure:5695: cc -c -g -O2  conftest.c >&5
configure:5695: $? = 0
configure:5695: result: yes
configure:5695: checking for stdint.h
configure:5695: cc -c -g -O2  conftest.c >&5
configure:5695: $? = 0
configure:5695: result: yes
configure:5695: checking for unistd.h
configure:5695: cc -c -g -O2  conftest.c >&5
configure:5695: $? = 0
configure:5695: result: yes
configure:5710: checking dlfcn.h usability
configure:5710: cc -c -g -O2  conftest.c >&5
configure:5710: $? = 0
configure:5710: result: yes
configure:5710: checking dlfcn.h presence
configure:5710: cc -E  conftest.c
configure:5710: $? = 0
configure:5710: result: yes
configure:5710: checking for dlfcn.h
configure:5710: result: yes
configure:5730: checking how to run the C++ preprocessor
configure:5796: result: g++ -E
configure:5816: g++ -E  conftest.cpp
configure:5816: $? = 0
configure:5830: g++ -E  conftest.cpp
conftest.cpp:21:10: fatal error: 'ac_nonexistent.h' file not found
#include <ac_nonexistent.h>
         ^
1 error generated.
configure:5830: $? = 1
configure: failed program was:
| /* confdefs.h */
| #define PACKAGE_NAME ""
| #define PACKAGE_TARNAME ""
| #define PACKAGE_VERSION ""
| #define PACKAGE_STRING ""
| #define PACKAGE_BUGREPORT ""
| #define PACKAGE_URL ""
| #define COMPILE_DL_T2SDK 1
| #define STDC_HEADERS 1
| #define HAVE_SYS_TYPES_H 1
| #define HAVE_SYS_STAT_H 1
| #define HAVE_STDLIB_H 1
| #define HAVE_STRING_H 1
| #define HAVE_MEMORY_H 1
| #define HAVE_STRINGS_H 1
| #define HAVE_INTTYPES_H 1
| #define HAVE_STDINT_H 1
| #define HAVE_UNISTD_H 1
| #define HAVE_DLFCN_H 1
| /* end confdefs.h.  */
| #include <ac_nonexistent.h>
configure:5863: checking the maximum length of command line arguments
configure:5975: result: 196608
configure:5987: checking command to parse /usr/bin/nm output from cc object
configure:6092: g++ -c -g -O2  conftest.cpp >&5
configure:6095: $? = 0
configure:6099: /usr/bin/nm conftest.o \| sed -n -e 's/^.*[ 	]\([BCDEGRST][BCDEGRST]*\)[ 	][ 	]*\([_A-Za-z][_A-Za-z0-9]*\)$/\1 \2 \2/p' \> conftest.nm
configure:6102: $? = 0
cannot find nm_test_var in conftest.nm
configure:6092: g++ -c -g -O2  conftest.cpp >&5
configure:6095: $? = 0
configure:6099: /usr/bin/nm conftest.o \| sed -n -e 's/^.*[ 	]\([BCDEGRST][BCDEGRST]*\)[ 	][ 	]*_\([_A-Za-z][_A-Za-z0-9]*\)$/\1 _\2 \2/p' \> conftest.nm
configure:6102: $? = 0
configure:6154: g++ -o conftest -g -O2   conftest.cpp conftstm.o >&5
configure:6157: $? = 0
configure:6195: result: ok
configure:6199: checking for objdir
configure:6214: result: .libs
configure:6306: checking for ar
configure:6322: found /usr/bin/ar
configure:6333: result: ar
configure:6398: checking for ranlib
configure:6414: found /usr/bin/ranlib
configure:6425: result: ranlib
configure:6490: checking for strip
configure:6506: found /usr/bin/strip
configure:6517: result: strip
configure:6770: checking for dsymutil
configure:6786: found /usr/bin/dsymutil
configure:6797: result: dsymutil
configure:6862: checking for nmedit
configure:6878: found /usr/bin/nmedit
configure:6889: result: nmedit
configure:6912: checking for -single_module linker flag
configure:6933: result: yes
configure:6935: checking for -exported_symbols_list linker flag
configure:6951: g++ -o conftest -g -O2   -Wl,-exported_symbols_list,conftest.sym conftest.cpp -lstdc++  >&5
configure:6954: $? = 0
configure:6968: result: yes
configure:7086: checking if cc supports -fno-rtti -fno-exceptions
configure:7104: cc -c -g -O2  -fno-rtti -fno-exceptions conftest.c >&5
configure:7108: $? = 0
configure:7121: result: yes
configure:7136: checking for cc option to produce PIC
configure:7376: result: -fno-common
configure:7384: checking if cc PIC flag -fno-common works
configure:7402: cc -c -g -O2  -fno-common -DPIC conftest.c >&5
configure:7406: $? = 0
configure:7419: result: yes
configure:7447: checking if cc static flag -static works
configure:7475: result: no
configure:7485: checking if cc supports -c -o file.o
configure:7506: cc -c -g -O2  -o out/conftest2.o conftest.c >&5
configure:7510: $? = 0
configure:7532: result: yes
configure:7558: checking whether the cc linker (/Library/Developer/CommandLineTools/usr/bin/ld) supports shared libraries
configure:8486: result: yes
configure:8553: checking dynamic linker characteristics
configure:9151: result: darwin14.1.1 dyld
configure:9175: checking how to hardcode library paths into programs
configure:9200: result: immediate
configure:9214: checking whether stripping libraries is possible
configure:9228: result: yes
configure:9736: checking if libtool supports shared libraries
configure:9738: result: yes
configure:9741: checking whether to build shared libraries
configure:9762: result: yes
configure:9765: checking whether to build static libraries
configure:9769: result: no
configure:9864: result:
creating libtool
configure:10455: checking for ld used by g++
configure:10522: result: /Library/Developer/CommandLineTools/usr/bin/ld
configure:10529: checking if the linker (/Library/Developer/CommandLineTools/usr/bin/ld) is GNU ld
configure:10544: result: no
configure:10595: checking whether the g++ linker (/Library/Developer/CommandLineTools/usr/bin/ld) supports shared libraries
configure:11493: result: yes
configure:11514: g++ -c -g -O2  conftest.cpp >&5
configure:11517: $? = 0
configure:11673: checking for g++ option to produce PIC
configure:11963: result: -fno-common
configure:11971: checking if g++ PIC flag -fno-common works
configure:11989: g++ -c -g -O2  -fno-common -DPIC conftest.cpp >&5
configure:11993: $? = 0
configure:12006: result: yes
configure:12034: checking if g++ static flag -static works
configure:12062: result: no
configure:12072: checking if g++ supports -c -o file.o
configure:12093: g++ -c -g -O2  -o out/conftest2.o conftest.cpp >&5
configure:12097: $? = 0
configure:12119: result: yes
configure:12145: checking whether the g++ linker (/Library/Developer/CommandLineTools/usr/bin/ld) supports shared libraries
configure:12171: result: yes
configure:12238: checking dynamic linker characteristics
configure:12784: result: darwin14.1.1 dyld
configure:12808: checking how to hardcode library paths into programs
configure:12833: result: immediate
configure:13551: creating ./config.status

## ---------------------- ##
## Running config.status. ##
## ---------------------- ##

This file was extended by config.status, which was
generated by GNU Autoconf 2.65.  Invocation command line was

  CONFIG_FILES    = 
  CONFIG_HEADERS  = 
  CONFIG_LINKS    = 
  CONFIG_COMMANDS = 
  $ ./config.status 

on caizixin.local

config.status:680: creating config.h
config.status:770: config.h is unchanged

## ---------------- ##
## Cache variables. ##
## ---------------- ##

ac_cv_build=x86_64-apple-darwin14.1.1
ac_cv_c_compiler_gnu=yes
ac_cv_cxx_compiler_gnu=yes
ac_cv_env_CCC_set=
ac_cv_env_CCC_value=
ac_cv_env_CC_set=
ac_cv_env_CC_value=
ac_cv_env_CFLAGS_set=
ac_cv_env_CFLAGS_value=
ac_cv_env_CPPFLAGS_set=
ac_cv_env_CPPFLAGS_value=
ac_cv_env_CPP_set=
ac_cv_env_CPP_value=
ac_cv_env_CXXCPP_set=
ac_cv_env_CXXCPP_value=
ac_cv_env_CXXFLAGS_set=
ac_cv_env_CXXFLAGS_value=
ac_cv_env_CXX_set=
ac_cv_env_CXX_value=
ac_cv_env_LDFLAGS_set=
ac_cv_env_LDFLAGS_value=
ac_cv_env_LIBS_set=
ac_cv_env_LIBS_value=
ac_cv_env_build_alias_set=
ac_cv_env_build_alias_value=
ac_cv_env_host_alias_set=
ac_cv_env_host_alias_value=
ac_cv_env_target_alias_set=
ac_cv_env_target_alias_value=
ac_cv_header_dlfcn_h=yes
ac_cv_header_inttypes_h=yes
ac_cv_header_memory_h=yes
ac_cv_header_stdc=yes
ac_cv_header_stdint_h=yes
ac_cv_header_stdlib_h=yes
ac_cv_header_string_h=yes
ac_cv_header_strings_h=yes
ac_cv_header_sys_stat_h=yes
ac_cv_header_sys_types_h=yes
ac_cv_header_unistd_h=yes
ac_cv_host=x86_64-apple-darwin14.1.1
ac_cv_objext=o
ac_cv_path_EGREP='/usr/bin/grep -E'
ac_cv_path_GREP=/usr/bin/grep
ac_cv_prog_AWK=awk
ac_cv_prog_CPP='cc -E'
ac_cv_prog_CXXCPP='g++ -E'
ac_cv_prog_ac_ct_AR=ar
ac_cv_prog_ac_ct_CC=cc
ac_cv_prog_ac_ct_CXX=g++
ac_cv_prog_ac_ct_DSYMUTIL=dsymutil
ac_cv_prog_ac_ct_NMEDIT=nmedit
ac_cv_prog_ac_ct_RANLIB=ranlib
ac_cv_prog_ac_ct_STRIP=strip
ac_cv_prog_cc_c89=
ac_cv_prog_cc_cc_c_o=yes
ac_cv_prog_cc_g=yes
ac_cv_prog_cxx_g=yes
ac_cv_target=x86_64-apple-darwin14.1.1
lt_cv_apple_cc_single_mod=yes
lt_cv_deplibs_check_method=pass_all
lt_cv_file_magic_cmd='$MAGIC_CMD'
lt_cv_file_magic_test_file=
lt_cv_ld_exported_symbols_list=yes
lt_cv_ld_reload_flag=-r
lt_cv_objdir=.libs
lt_cv_path_LD=/Library/Developer/CommandLineTools/usr/bin/ld
lt_cv_path_LDCXX=/Library/Developer/CommandLineTools/usr/bin/ld
lt_cv_path_NM=/usr/bin/nm
lt_cv_path_SED=/usr/bin/sed
lt_cv_prog_compiler_c_o=yes
lt_cv_prog_compiler_c_o_CXX=yes
lt_cv_prog_compiler_pic_works=yes
lt_cv_prog_compiler_pic_works_CXX=yes
lt_cv_prog_compiler_rtti_exceptions=yes
lt_cv_prog_compiler_static_works=no
lt_cv_prog_compiler_static_works_CXX=no
lt_cv_prog_gnu_ld=no
lt_cv_prog_gnu_ldcxx=no
lt_cv_sys_global_symbol_pipe='sed -n -e '\''s/^.*[ 	]\([BCDEGRST][BCDEGRST]*\)[ 	][ 	]*_\([_A-Za-z][_A-Za-z0-9]*\)$/\1 _\2 \2/p'\'''
lt_cv_sys_global_symbol_to_c_name_address='sed -n -e '\''s/^: \([^ ]*\) $/  {\"\1\", (lt_ptr) 0},/p'\'' -e '\''s/^[BCDEGRST] \([^ ]*\) \([^ ]*\)$/  {"\2", (lt_ptr) \&\2},/p'\'''
lt_cv_sys_global_symbol_to_cdecl='sed -n -e '\''s/^. .* \(.*\)$/extern int \1;/p'\'''
lt_cv_sys_lib_dlsearch_path_spec='/usr/local/lib /lib /usr/lib'
lt_cv_sys_lib_search_path_spec='/Library/Developer/CommandLineTools/usr/lib/clang/6.0 /usr/local/lib'
lt_cv_sys_max_cmd_len=196608
lt_lt_cv_prog_compiler_c_o='"yes"'
lt_lt_cv_prog_compiler_c_o_CXX='"yes"'
lt_lt_cv_sys_global_symbol_pipe='"sed -n -e '\''s/^.*[ 	]\\([BCDEGRST][BCDEGRST]*\\)[ 	][ 	]*_\\([_A-Za-z][_A-Za-z0-9]*\\)\$/\\1 _\\2 \\2/p'\''"'
lt_lt_cv_sys_global_symbol_to_c_name_address='"sed -n -e '\''s/^: \\([^ ]*\\) \$/  {\\\"\\1\\\", (lt_ptr) 0},/p'\'' -e '\''s/^[BCDEGRST] \\([^ ]*\\) \\([^ ]*\\)\$/  {\"\\2\", (lt_ptr) \\&\\2},/p'\''"'
lt_lt_cv_sys_global_symbol_to_cdecl='"sed -n -e '\''s/^. .* \\(.*\\)\$/extern int \\1;/p'\''"'
php_cv_cc_dashr=no
php_cv_cc_rpath=yes

## ----------------- ##
## Output variables. ##
## ----------------- ##

AR='ar'
AWK='awk'
CC='cc'
CFLAGS='-g -O2'
CONFIGURE_COMMAND=' '\''./configure'\'' '
CONFIGURE_OPTIONS=''
CPP='cc -E'
CPPFLAGS=' -DHAVE_CONFIG_H'
CXX='g++'
CXXCPP='g++ -E'
CXXFLAGS='-g -O2'
DEFS='-DHAVE_CONFIG_H'
DSYMUTIL='dsymutil'
ECHO='/bin/echo'
ECHO_C='\c'
ECHO_N=''
ECHO_T=''
EGREP='/usr/bin/grep -E'
EXEEXT=''
GREP='/usr/bin/grep'
LDFLAGS=''
LIBOBJS=''
LIBS='-lstdc++ '
LIBTOOL='$(SHELL) $(top_builddir)/libtool'
LN_S='ln -s'
LTLIBOBJS=''
NMEDIT='nmedit'
OBJEXT='o'
PACKAGE_BUGREPORT=''
PACKAGE_NAME=''
PACKAGE_STRING=''
PACKAGE_TARNAME=''
PACKAGE_URL=''
PACKAGE_VERSION=''
PATH_SEPARATOR=':'
RANLIB='ranlib'
RE2C='exit 0;'
SED='/usr/bin/sed'
SHELL='/bin/sh'
SHLIB_DL_SUFFIX_NAME='so'
SHLIB_SUFFIX_NAME='dylib'
STRIP='strip'
ac_ct_CC='cc'
ac_ct_CXX='g++'
bindir='${exec_prefix}/bin'
build='x86_64-apple-darwin14.1.1'
build_alias=''
build_cpu='x86_64'
build_os='darwin14.1.1'
build_vendor='apple'
datadir='${datarootdir}'
datarootdir='${prefix}/share'
docdir='${datarootdir}/doc/${PACKAGE}'
dvidir='${docdir}'
exec_prefix='$(prefix)'
host='x86_64-apple-darwin14.1.1'
host_alias='x86_64-apple-darwin14.1.1'
host_cpu='x86_64'
host_os='darwin14.1.1'
host_vendor='apple'
htmldir='${docdir}'
includedir='${prefix}/include'
infodir='${datarootdir}/info'
libdir='${exec_prefix}/lib'
libexecdir='${exec_prefix}/libexec'
localedir='${datarootdir}/locale'
localstatedir='${prefix}/var'
mandir='${datarootdir}/man'
oldincludedir='/usr/include'
pdfdir='${docdir}'
prefix='/Users/caizixin/php'
program_transform_name='s,x,x,'
psdir='${docdir}'
sbindir='${exec_prefix}/sbin'
sharedstatedir='${prefix}/com'
sysconfdir='${prefix}/etc'
target='x86_64-apple-darwin14.1.1'
target_alias=''
target_cpu='x86_64'
target_os='darwin14.1.1'
target_vendor='apple'

## ----------- ##
## confdefs.h. ##
## ----------- ##

/* confdefs.h */
#define PACKAGE_NAME ""
#define PACKAGE_TARNAME ""
#define PACKAGE_VERSION ""
#define PACKAGE_STRING ""
#define PACKAGE_BUGREPORT ""
#define PACKAGE_URL ""
#define COMPILE_DL_T2SDK 1
#define STDC_HEADERS 1
#define HAVE_SYS_TYPES_H 1
#define HAVE_SYS_STAT_H 1
#define HAVE_STDLIB_H 1
#define HAVE_STRING_H 1
#define HAVE_MEMORY_H 1
#define HAVE_STRINGS_H 1
#define HAVE_INTTYPES_H 1
#define HAVE_STDINT_H 1
#define HAVE_UNISTD_H 1
#define HAVE_DLFCN_H 1

configure: exit 0
